[0.328s] DEBUG:colcon:Command line arguments: ['/usr/bin/colcon', 'build', '--symlink-install']
[0.328s] DEBUG:colcon:Parsed command line arguments: Namespace(ament_cmake_args=None, base_paths='.', build_base='build', catkin_cmake_args=None, cmake_args=None, cmake_clean_cache=False, cmake_clean_first=False, cmake_force_configure=False, cmake_target=None, cmake_target_skip_unavailable=False, event_handlers=None, executor='parallel', ignore_user_meta=False, install_base='install', log_base='log', log_level=None, main=<bound method BuildVerb.main of <colcon_core.verb.build.BuildVerb object at 0x7f71c16635c0>>, merge_install=False, metas='./colcon.meta', packages_above=None, packages_end=None, packages_ignore=None, packages_ignore_regex=None, packages_select=None, packages_select_by_dep=None, packages_select_regex=None, packages_skip=None, packages_skip_by_dep=None, packages_skip_regex=None, packages_start=None, packages_up_to=None, parallel_workers=4, paths=None, symlink_install=True, test_result_base=None, verb_name='build')
[0.334s] Level 1:colcon.colcon_core.package_discovery:discover_packages(colcon_meta) check parameters
[0.334s] Level 1:colcon.colcon_core.package_discovery:discover_packages(recursive) check parameters
[0.334s] Level 1:colcon.colcon_core.package_discovery:discover_packages(ignore) check parameters
[0.334s] Level 1:colcon.colcon_core.package_discovery:discover_packages(path) check parameters
[0.334s] Level 1:colcon.colcon_core.package_discovery:discover_packages(recursive) discover
[0.334s] INFO:colcon.colcon_core.package_discovery:Crawling recursively for packages in '/home/brian/ros2_overlay_ws/src/navigation2'
[0.334s] Level 1:colcon.colcon_core.package_identification:_identify(/home/brian/ros2_overlay_ws/src/navigation2) by extensions ['ignore', 'ignore_ament_install']
[0.335s] Level 1:colcon.colcon_core.package_identification:_identify(/home/brian/ros2_overlay_ws/src/navigation2) by extension 'ignore'
[0.335s] Level 1:colcon.colcon_core.package_identification:_identify(/home/brian/ros2_overlay_ws/src/navigation2) by extension 'ignore_ament_install'
[0.335s] Level 1:colcon.colcon_core.package_identification:_identify(/home/brian/ros2_overlay_ws/src/navigation2) by extensions ['colcon_pkg']
[0.335s] Level 1:colcon.colcon_core.package_identification:_identify(/home/brian/ros2_overlay_ws/src/navigation2) by extension 'colcon_pkg'
[0.335s] Level 1:colcon.colcon_core.package_identification:_identify(/home/brian/ros2_overlay_ws/src/navigation2) by extensions ['colcon_meta']
[0.335s] Level 1:colcon.colcon_core.package_identification:_identify(/home/brian/ros2_overlay_ws/src/navigation2) by extension 'colcon_meta'
[0.335s] Level 1:colcon.colcon_core.package_identification:_identify(/home/brian/ros2_overlay_ws/src/navigation2) by extensions ['ros']
[0.335s] Level 1:colcon.colcon_core.package_identification:_identify(/home/brian/ros2_overlay_ws/src/navigation2) by extension 'ros'
[0.344s] Level 1:colcon.colcon_core.package_identification:_identify(/home/brian/ros2_overlay_ws/src/navigation2) by extensions ['cmake', 'python']
[0.344s] Level 1:colcon.colcon_core.package_identification:_identify(/home/brian/ros2_overlay_ws/src/navigation2) by extension 'cmake'
[0.344s] Level 1:colcon.colcon_core.package_identification:_identify(/home/brian/ros2_overlay_ws/src/navigation2) by extension 'python'
[0.344s] Level 1:colcon.colcon_core.package_identification:_identify(/home/brian/ros2_overlay_ws/src/navigation2) by extensions ['python_setup_py']
[0.344s] Level 1:colcon.colcon_core.package_identification:_identify(/home/brian/ros2_overlay_ws/src/navigation2) by extension 'python_setup_py'
[0.344s] Level 1:colcon.colcon_core.package_identification:_identify(/home/brian/ros2_overlay_ws/src/navigation2/build) by extensions ['ignore', 'ignore_ament_install']
[0.344s] Level 1:colcon.colcon_core.package_identification:_identify(/home/brian/ros2_overlay_ws/src/navigation2/build) by extension 'ignore'
[0.345s] Level 1:colcon.colcon_core.package_identification:_identify(/home/brian/ros2_overlay_ws/src/navigation2/build) ignored
[0.345s] Level 1:colcon.colcon_core.package_identification:_identify(/home/brian/ros2_overlay_ws/src/navigation2/doc) by extensions ['ignore', 'ignore_ament_install']
[0.345s] Level 1:colcon.colcon_core.package_identification:_identify(/home/brian/ros2_overlay_ws/src/navigation2/doc) by extension 'ignore'
[0.345s] Level 1:colcon.colcon_core.package_identification:_identify(/home/brian/ros2_overlay_ws/src/navigation2/doc) by extension 'ignore_ament_install'
[0.345s] Level 1:colcon.colcon_core.package_identification:_identify(/home/brian/ros2_overlay_ws/src/navigation2/doc) by extensions ['colcon_pkg']
[0.345s] Level 1:colcon.colcon_core.package_identification:_identify(/home/brian/ros2_overlay_ws/src/navigation2/doc) by extension 'colcon_pkg'
[0.345s] Level 1:colcon.colcon_core.package_identification:_identify(/home/brian/ros2_overlay_ws/src/navigation2/doc) by extensions ['colcon_meta']
[0.345s] Level 1:colcon.colcon_core.package_identification:_identify(/home/brian/ros2_overlay_ws/src/navigation2/doc) by extension 'colcon_meta'
[0.345s] Level 1:colcon.colcon_core.package_identification:_identify(/home/brian/ros2_overlay_ws/src/navigation2/doc) by extensions ['ros']
[0.346s] Level 1:colcon.colcon_core.package_identification:_identify(/home/brian/ros2_overlay_ws/src/navigation2/doc) by extension 'ros'
[0.346s] Level 1:colcon.colcon_core.package_identification:_identify(/home/brian/ros2_overlay_ws/src/navigation2/doc) by extensions ['cmake', 'python']
[0.346s] Level 1:colcon.colcon_core.package_identification:_identify(/home/brian/ros2_overlay_ws/src/navigation2/doc) by extension 'cmake'
[0.346s] Level 1:colcon.colcon_core.package_identification:_identify(/home/brian/ros2_overlay_ws/src/navigation2/doc) by extension 'python'
[0.346s] Level 1:colcon.colcon_core.package_identification:_identify(/home/brian/ros2_overlay_ws/src/navigation2/doc) by extensions ['python_setup_py']
[0.346s] Level 1:colcon.colcon_core.package_identification:_identify(/home/brian/ros2_overlay_ws/src/navigation2/doc) by extension 'python_setup_py'
[0.346s] Level 1:colcon.colcon_core.package_identification:_identify(/home/brian/ros2_overlay_ws/src/navigation2/doc/design) by extensions ['ignore', 'ignore_ament_install']
[0.346s] Level 1:colcon.colcon_core.package_identification:_identify(/home/brian/ros2_overlay_ws/src/navigation2/doc/design) by extension 'ignore'
[0.346s] Level 1:colcon.colcon_core.package_identification:_identify(/home/brian/ros2_overlay_ws/src/navigation2/doc/design) by extension 'ignore_ament_install'
[0.347s] Level 1:colcon.colcon_core.package_identification:_identify(/home/brian/ros2_overlay_ws/src/navigation2/doc/design) by extensions ['colcon_pkg']
[0.347s] Level 1:colcon.colcon_core.package_identification:_identify(/home/brian/ros2_overlay_ws/src/navigation2/doc/design) by extension 'colcon_pkg'
[0.347s] Level 1:colcon.colcon_core.package_identification:_identify(/home/brian/ros2_overlay_ws/src/navigation2/doc/design) by extensions ['colcon_meta']
[0.347s] Level 1:colcon.colcon_core.package_identification:_identify(/home/brian/ros2_overlay_ws/src/navigation2/doc/design) by extension 'colcon_meta'
[0.347s] Level 1:colcon.colcon_core.package_identification:_identify(/home/brian/ros2_overlay_ws/src/navigation2/doc/design) by extensions ['ros']
[0.347s] Level 1:colcon.colcon_core.package_identification:_identify(/home/brian/ros2_overlay_ws/src/navigation2/doc/design) by extension 'ros'
[0.347s] Level 1:colcon.colcon_core.package_identification:_identify(/home/brian/ros2_overlay_ws/src/navigation2/doc/design) by extensions ['cmake', 'python']
[0.347s] Level 1:colcon.colcon_core.package_identification:_identify(/home/brian/ros2_overlay_ws/src/navigation2/doc/design) by extension 'cmake'
[0.347s] Level 1:colcon.colcon_core.package_identification:_identify(/home/brian/ros2_overlay_ws/src/navigation2/doc/design) by extension 'python'
[0.347s] Level 1:colcon.colcon_core.package_identification:_identify(/home/brian/ros2_overlay_ws/src/navigation2/doc/design) by extensions ['python_setup_py']
[0.348s] Level 1:colcon.colcon_core.package_identification:_identify(/home/brian/ros2_overlay_ws/src/navigation2/doc/design) by extension 'python_setup_py'
[0.348s] Level 1:colcon.colcon_core.package_identification:_identify(/home/brian/ros2_overlay_ws/src/navigation2/doc/images) by extensions ['ignore', 'ignore_ament_install']
[0.348s] Level 1:colcon.colcon_core.package_identification:_identify(/home/brian/ros2_overlay_ws/src/navigation2/doc/images) by extension 'ignore'
[0.348s] Level 1:colcon.colcon_core.package_identification:_identify(/home/brian/ros2_overlay_ws/src/navigation2/doc/images) by extension 'ignore_ament_install'
[0.348s] Level 1:colcon.colcon_core.package_identification:_identify(/home/brian/ros2_overlay_ws/src/navigation2/doc/images) by extensions ['colcon_pkg']
[0.348s] Level 1:colcon.colcon_core.package_identification:_identify(/home/brian/ros2_overlay_ws/src/navigation2/doc/images) by extension 'colcon_pkg'
[0.349s] Level 1:colcon.colcon_core.package_identification:_identify(/home/brian/ros2_overlay_ws/src/navigation2/doc/images) by extensions ['colcon_meta']
[0.349s] Level 1:colcon.colcon_core.package_identification:_identify(/home/brian/ros2_overlay_ws/src/navigation2/doc/images) by extension 'colcon_meta'
[0.349s] Level 1:colcon.colcon_core.package_identification:_identify(/home/brian/ros2_overlay_ws/src/navigation2/doc/images) by extensions ['ros']
[0.349s] Level 1:colcon.colcon_core.package_identification:_identify(/home/brian/ros2_overlay_ws/src/navigation2/doc/images) by extension 'ros'
[0.349s] Level 1:colcon.colcon_core.package_identification:_identify(/home/brian/ros2_overlay_ws/src/navigation2/doc/images) by extensions ['cmake', 'python']
[0.349s] Level 1:colcon.colcon_core.package_identification:_identify(/home/brian/ros2_overlay_ws/src/navigation2/doc/images) by extension 'cmake'
[0.350s] Level 1:colcon.colcon_core.package_identification:_identify(/home/brian/ros2_overlay_ws/src/navigation2/doc/images) by extension 'python'
[0.350s] Level 1:colcon.colcon_core.package_identification:_identify(/home/brian/ros2_overlay_ws/src/navigation2/doc/images) by extensions ['python_setup_py']
[0.350s] Level 1:colcon.colcon_core.package_identification:_identify(/home/brian/ros2_overlay_ws/src/navigation2/doc/images) by extension 'python_setup_py'
[0.350s] Level 1:colcon.colcon_core.package_identification:_identify(/home/brian/ros2_overlay_ws/src/navigation2/doc/requirements) by extensions ['ignore', 'ignore_ament_install']
[0.350s] Level 1:colcon.colcon_core.package_identification:_identify(/home/brian/ros2_overlay_ws/src/navigation2/doc/requirements) by extension 'ignore'
[0.351s] Level 1:colcon.colcon_core.package_identification:_identify(/home/brian/ros2_overlay_ws/src/navigation2/doc/requirements) by extension 'ignore_ament_install'
[0.351s] Level 1:colcon.colcon_core.package_identification:_identify(/home/brian/ros2_overlay_ws/src/navigation2/doc/requirements) by extensions ['colcon_pkg']
[0.351s] Level 1:colcon.colcon_core.package_identification:_identify(/home/brian/ros2_overlay_ws/src/navigation2/doc/requirements) by extension 'colcon_pkg'
[0.351s] Level 1:colcon.colcon_core.package_identification:_identify(/home/brian/ros2_overlay_ws/src/navigation2/doc/requirements) by extensions ['colcon_meta']
[0.351s] Level 1:colcon.colcon_core.package_identification:_identify(/home/brian/ros2_overlay_ws/src/navigation2/doc/requirements) by extension 'colcon_meta'
[0.351s] Level 1:colcon.colcon_core.package_identification:_identify(/home/brian/ros2_overlay_ws/src/navigation2/doc/requirements) by extensions ['ros']
[0.351s] Level 1:colcon.colcon_core.package_identification:_identify(/home/brian/ros2_overlay_ws/src/navigation2/doc/requirements) by extension 'ros'
[0.352s] Level 1:colcon.colcon_core.package_identification:_identify(/home/brian/ros2_overlay_ws/src/navigation2/doc/requirements) by extensions ['cmake', 'python']
[0.352s] Level 1:colcon.colcon_core.package_identification:_identify(/home/brian/ros2_overlay_ws/src/navigation2/doc/requirements) by extension 'cmake'
[0.352s] Level 1:colcon.colcon_core.package_identification:_identify(/home/brian/ros2_overlay_ws/src/navigation2/doc/requirements) by extension 'python'
[0.352s] Level 1:colcon.colcon_core.package_identification:_identify(/home/brian/ros2_overlay_ws/src/navigation2/doc/requirements) by extensions ['python_setup_py']
[0.352s] Level 1:colcon.colcon_core.package_identification:_identify(/home/brian/ros2_overlay_ws/src/navigation2/doc/requirements) by extension 'python_setup_py'
[0.352s] Level 1:colcon.colcon_core.package_identification:_identify(/home/brian/ros2_overlay_ws/src/navigation2/doc/requirements/images) by extensions ['ignore', 'ignore_ament_install']
[0.353s] Level 1:colcon.colcon_core.package_identification:_identify(/home/brian/ros2_overlay_ws/src/navigation2/doc/requirements/images) by extension 'ignore'
[0.353s] Level 1:colcon.colcon_core.package_identification:_identify(/home/brian/ros2_overlay_ws/src/navigation2/doc/requirements/images) by extension 'ignore_ament_install'
[0.353s] Level 1:colcon.colcon_core.package_identification:_identify(/home/brian/ros2_overlay_ws/src/navigation2/doc/requirements/images) by extensions ['colcon_pkg']
[0.353s] Level 1:colcon.colcon_core.package_identification:_identify(/home/brian/ros2_overlay_ws/src/navigation2/doc/requirements/images) by extension 'colcon_pkg'
[0.353s] Level 1:colcon.colcon_core.package_identification:_identify(/home/brian/ros2_overlay_ws/src/navigation2/doc/requirements/images) by extensions ['colcon_meta']
[0.353s] Level 1:colcon.colcon_core.package_identification:_identify(/home/brian/ros2_overlay_ws/src/navigation2/doc/requirements/images) by extension 'colcon_meta'
[0.353s] Level 1:colcon.colcon_core.package_identification:_identify(/home/brian/ros2_overlay_ws/src/navigation2/doc/requirements/images) by extensions ['ros']
[0.353s] Level 1:colcon.colcon_core.package_identification:_identify(/home/brian/ros2_overlay_ws/src/navigation2/doc/requirements/images) by extension 'ros'
[0.353s] Level 1:colcon.colcon_core.package_identification:_identify(/home/brian/ros2_overlay_ws/src/navigation2/doc/requirements/images) by extensions ['cmake', 'python']
[0.354s] Level 1:colcon.colcon_core.package_identification:_identify(/home/brian/ros2_overlay_ws/src/navigation2/doc/requirements/images) by extension 'cmake'
[0.354s] Level 1:colcon.colcon_core.package_identification:_identify(/home/brian/ros2_overlay_ws/src/navigation2/doc/requirements/images) by extension 'python'
[0.354s] Level 1:colcon.colcon_core.package_identification:_identify(/home/brian/ros2_overlay_ws/src/navigation2/doc/requirements/images) by extensions ['python_setup_py']
[0.354s] Level 1:colcon.colcon_core.package_identification:_identify(/home/brian/ros2_overlay_ws/src/navigation2/doc/requirements/images) by extension 'python_setup_py'
[0.354s] Level 1:colcon.colcon_core.package_identification:_identify(/home/brian/ros2_overlay_ws/src/navigation2/doc/use_cases) by extensions ['ignore', 'ignore_ament_install']
[0.354s] Level 1:colcon.colcon_core.package_identification:_identify(/home/brian/ros2_overlay_ws/src/navigation2/doc/use_cases) by extension 'ignore'
[0.354s] Level 1:colcon.colcon_core.package_identification:_identify(/home/brian/ros2_overlay_ws/src/navigation2/doc/use_cases) by extension 'ignore_ament_install'
[0.354s] Level 1:colcon.colcon_core.package_identification:_identify(/home/brian/ros2_overlay_ws/src/navigation2/doc/use_cases) by extensions ['colcon_pkg']
[0.354s] Level 1:colcon.colcon_core.package_identification:_identify(/home/brian/ros2_overlay_ws/src/navigation2/doc/use_cases) by extension 'colcon_pkg'
[0.354s] Level 1:colcon.colcon_core.package_identification:_identify(/home/brian/ros2_overlay_ws/src/navigation2/doc/use_cases) by extensions ['colcon_meta']
[0.355s] Level 1:colcon.colcon_core.package_identification:_identify(/home/brian/ros2_overlay_ws/src/navigation2/doc/use_cases) by extension 'colcon_meta'
[0.355s] Level 1:colcon.colcon_core.package_identification:_identify(/home/brian/ros2_overlay_ws/src/navigation2/doc/use_cases) by extensions ['ros']
[0.355s] Level 1:colcon.colcon_core.package_identification:_identify(/home/brian/ros2_overlay_ws/src/navigation2/doc/use_cases) by extension 'ros'
[0.355s] Level 1:colcon.colcon_core.package_identification:_identify(/home/brian/ros2_overlay_ws/src/navigation2/doc/use_cases) by extensions ['cmake', 'python']
[0.355s] Level 1:colcon.colcon_core.package_identification:_identify(/home/brian/ros2_overlay_ws/src/navigation2/doc/use_cases) by extension 'cmake'
[0.355s] Level 1:colcon.colcon_core.package_identification:_identify(/home/brian/ros2_overlay_ws/src/navigation2/doc/use_cases) by extension 'python'
[0.355s] Level 1:colcon.colcon_core.package_identification:_identify(/home/brian/ros2_overlay_ws/src/navigation2/doc/use_cases) by extensions ['python_setup_py']
[0.355s] Level 1:colcon.colcon_core.package_identification:_identify(/home/brian/ros2_overlay_ws/src/navigation2/doc/use_cases) by extension 'python_setup_py'
[0.355s] Level 1:colcon.colcon_core.package_identification:_identify(/home/brian/ros2_overlay_ws/src/navigation2/include) by extensions ['ignore', 'ignore_ament_install']
[0.355s] Level 1:colcon.colcon_core.package_identification:_identify(/home/brian/ros2_overlay_ws/src/navigation2/include) by extension 'ignore'
[0.356s] Level 1:colcon.colcon_core.package_identification:_identify(/home/brian/ros2_overlay_ws/src/navigation2/include) by extension 'ignore_ament_install'
[0.356s] Level 1:colcon.colcon_core.package_identification:_identify(/home/brian/ros2_overlay_ws/src/navigation2/include) by extensions ['colcon_pkg']
[0.356s] Level 1:colcon.colcon_core.package_identification:_identify(/home/brian/ros2_overlay_ws/src/navigation2/include) by extension 'colcon_pkg'
[0.356s] Level 1:colcon.colcon_core.package_identification:_identify(/home/brian/ros2_overlay_ws/src/navigation2/include) by extensions ['colcon_meta']
[0.356s] Level 1:colcon.colcon_core.package_identification:_identify(/home/brian/ros2_overlay_ws/src/navigation2/include) by extension 'colcon_meta'
[0.356s] Level 1:colcon.colcon_core.package_identification:_identify(/home/brian/ros2_overlay_ws/src/navigation2/include) by extensions ['ros']
[0.356s] Level 1:colcon.colcon_core.package_identification:_identify(/home/brian/ros2_overlay_ws/src/navigation2/include) by extension 'ros'
[0.356s] Level 1:colcon.colcon_core.package_identification:_identify(/home/brian/ros2_overlay_ws/src/navigation2/include) by extensions ['cmake', 'python']
[0.356s] Level 1:colcon.colcon_core.package_identification:_identify(/home/brian/ros2_overlay_ws/src/navigation2/include) by extension 'cmake'
[0.356s] Level 1:colcon.colcon_core.package_identification:_identify(/home/brian/ros2_overlay_ws/src/navigation2/include) by extension 'python'
[0.356s] Level 1:colcon.colcon_core.package_identification:_identify(/home/brian/ros2_overlay_ws/src/navigation2/include) by extensions ['python_setup_py']
[0.357s] Level 1:colcon.colcon_core.package_identification:_identify(/home/brian/ros2_overlay_ws/src/navigation2/include) by extension 'python_setup_py'
[0.357s] Level 1:colcon.colcon_core.package_identification:_identify(/home/brian/ros2_overlay_ws/src/navigation2/install) by extensions ['ignore', 'ignore_ament_install']
[0.357s] Level 1:colcon.colcon_core.package_identification:_identify(/home/brian/ros2_overlay_ws/src/navigation2/install) by extension 'ignore'
[0.357s] Level 1:colcon.colcon_core.package_identification:_identify(/home/brian/ros2_overlay_ws/src/navigation2/install) ignored
[0.357s] Level 1:colcon.colcon_core.package_identification:_identify(/home/brian/ros2_overlay_ws/src/navigation2/log) by extensions ['ignore', 'ignore_ament_install']
[0.357s] Level 1:colcon.colcon_core.package_identification:_identify(/home/brian/ros2_overlay_ws/src/navigation2/log) by extension 'ignore'
[0.357s] Level 1:colcon.colcon_core.package_identification:_identify(/home/brian/ros2_overlay_ws/src/navigation2/log) ignored
[0.357s] Level 1:colcon.colcon_core.package_identification:_identify(/home/brian/ros2_overlay_ws/src/navigation2/src) by extensions ['ignore', 'ignore_ament_install']
[0.357s] Level 1:colcon.colcon_core.package_identification:_identify(/home/brian/ros2_overlay_ws/src/navigation2/src) by extension 'ignore'
[0.358s] Level 1:colcon.colcon_core.package_identification:_identify(/home/brian/ros2_overlay_ws/src/navigation2/src) by extension 'ignore_ament_install'
[0.358s] Level 1:colcon.colcon_core.package_identification:_identify(/home/brian/ros2_overlay_ws/src/navigation2/src) by extensions ['colcon_pkg']
[0.358s] Level 1:colcon.colcon_core.package_identification:_identify(/home/brian/ros2_overlay_ws/src/navigation2/src) by extension 'colcon_pkg'
[0.358s] Level 1:colcon.colcon_core.package_identification:_identify(/home/brian/ros2_overlay_ws/src/navigation2/src) by extensions ['colcon_meta']
[0.358s] Level 1:colcon.colcon_core.package_identification:_identify(/home/brian/ros2_overlay_ws/src/navigation2/src) by extension 'colcon_meta'
[0.358s] Level 1:colcon.colcon_core.package_identification:_identify(/home/brian/ros2_overlay_ws/src/navigation2/src) by extensions ['ros']
[0.358s] Level 1:colcon.colcon_core.package_identification:_identify(/home/brian/ros2_overlay_ws/src/navigation2/src) by extension 'ros'
[0.358s] Level 1:colcon.colcon_core.package_identification:_identify(/home/brian/ros2_overlay_ws/src/navigation2/src) by extensions ['cmake', 'python']
[0.358s] Level 1:colcon.colcon_core.package_identification:_identify(/home/brian/ros2_overlay_ws/src/navigation2/src) by extension 'cmake'
[0.358s] Level 1:colcon.colcon_core.package_identification:_identify(/home/brian/ros2_overlay_ws/src/navigation2/src) by extension 'python'
[0.358s] Level 1:colcon.colcon_core.package_identification:_identify(/home/brian/ros2_overlay_ws/src/navigation2/src) by extensions ['python_setup_py']
[0.359s] Level 1:colcon.colcon_core.package_identification:_identify(/home/brian/ros2_overlay_ws/src/navigation2/src) by extension 'python_setup_py'
[0.359s] Level 1:colcon.colcon_core.package_identification:_identify(/home/brian/ros2_overlay_ws/src/navigation2/src/costmap_2d) by extensions ['ignore', 'ignore_ament_install']
[0.359s] Level 1:colcon.colcon_core.package_identification:_identify(/home/brian/ros2_overlay_ws/src/navigation2/src/costmap_2d) by extension 'ignore'
[0.359s] Level 1:colcon.colcon_core.package_identification:_identify(/home/brian/ros2_overlay_ws/src/navigation2/src/costmap_2d) ignored
[0.359s] Level 1:colcon.colcon_core.package_identification:_identify(/home/brian/ros2_overlay_ws/src/navigation2/src/env_model) by extensions ['ignore', 'ignore_ament_install']
[0.359s] Level 1:colcon.colcon_core.package_identification:_identify(/home/brian/ros2_overlay_ws/src/navigation2/src/env_model) by extension 'ignore'
[0.359s] Level 1:colcon.colcon_core.package_identification:_identify(/home/brian/ros2_overlay_ws/src/navigation2/src/env_model) by extension 'ignore_ament_install'
[0.359s] Level 1:colcon.colcon_core.package_identification:_identify(/home/brian/ros2_overlay_ws/src/navigation2/src/env_model) by extensions ['colcon_pkg']
[0.359s] Level 1:colcon.colcon_core.package_identification:_identify(/home/brian/ros2_overlay_ws/src/navigation2/src/env_model) by extension 'colcon_pkg'
[0.359s] Level 1:colcon.colcon_core.package_identification:_identify(/home/brian/ros2_overlay_ws/src/navigation2/src/env_model) by extensions ['colcon_meta']
[0.360s] Level 1:colcon.colcon_core.package_identification:_identify(/home/brian/ros2_overlay_ws/src/navigation2/src/env_model) by extension 'colcon_meta'
[0.360s] Level 1:colcon.colcon_core.package_identification:_identify(/home/brian/ros2_overlay_ws/src/navigation2/src/env_model) by extensions ['ros']
[0.360s] Level 1:colcon.colcon_core.package_identification:_identify(/home/brian/ros2_overlay_ws/src/navigation2/src/env_model) by extension 'ros'
[0.362s] DEBUG:colcon.colcon_core.package_identification:Package '/home/brian/ros2_overlay_ws/src/navigation2/src/env_model' with type 'ros' and name 'env_model'
[0.363s] Level 1:colcon.colcon_core.package_identification:_identify(/home/brian/ros2_overlay_ws/src/navigation2/src/env_model_msgs) by extensions ['ignore', 'ignore_ament_install']
[0.363s] Level 1:colcon.colcon_core.package_identification:_identify(/home/brian/ros2_overlay_ws/src/navigation2/src/env_model_msgs) by extension 'ignore'
[0.363s] Level 1:colcon.colcon_core.package_identification:_identify(/home/brian/ros2_overlay_ws/src/navigation2/src/env_model_msgs) by extension 'ignore_ament_install'
[0.363s] Level 1:colcon.colcon_core.package_identification:_identify(/home/brian/ros2_overlay_ws/src/navigation2/src/env_model_msgs) by extensions ['colcon_pkg']
[0.363s] Level 1:colcon.colcon_core.package_identification:_identify(/home/brian/ros2_overlay_ws/src/navigation2/src/env_model_msgs) by extension 'colcon_pkg'
[0.363s] Level 1:colcon.colcon_core.package_identification:_identify(/home/brian/ros2_overlay_ws/src/navigation2/src/env_model_msgs) by extensions ['colcon_meta']
[0.364s] Level 1:colcon.colcon_core.package_identification:_identify(/home/brian/ros2_overlay_ws/src/navigation2/src/env_model_msgs) by extension 'colcon_meta'
[0.364s] Level 1:colcon.colcon_core.package_identification:_identify(/home/brian/ros2_overlay_ws/src/navigation2/src/env_model_msgs) by extensions ['ros']
[0.364s] Level 1:colcon.colcon_core.package_identification:_identify(/home/brian/ros2_overlay_ws/src/navigation2/src/env_model_msgs) by extension 'ros'
[0.364s] DEBUG:colcon.colcon_core.package_identification:Package '/home/brian/ros2_overlay_ws/src/navigation2/src/env_model_msgs' with type 'ros' and name 'env_model_msgs'
[0.364s] Level 1:colcon.colcon_core.package_identification:_identify(/home/brian/ros2_overlay_ws/src/navigation2/src/map_server) by extensions ['ignore', 'ignore_ament_install']
[0.365s] Level 1:colcon.colcon_core.package_identification:_identify(/home/brian/ros2_overlay_ws/src/navigation2/src/map_server) by extension 'ignore'
[0.365s] Level 1:colcon.colcon_core.package_identification:_identify(/home/brian/ros2_overlay_ws/src/navigation2/src/map_server) by extension 'ignore_ament_install'
[0.365s] Level 1:colcon.colcon_core.package_identification:_identify(/home/brian/ros2_overlay_ws/src/navigation2/src/map_server) by extensions ['colcon_pkg']
[0.365s] Level 1:colcon.colcon_core.package_identification:_identify(/home/brian/ros2_overlay_ws/src/navigation2/src/map_server) by extension 'colcon_pkg'
[0.365s] Level 1:colcon.colcon_core.package_identification:_identify(/home/brian/ros2_overlay_ws/src/navigation2/src/map_server) by extensions ['colcon_meta']
[0.365s] Level 1:colcon.colcon_core.package_identification:_identify(/home/brian/ros2_overlay_ws/src/navigation2/src/map_server) by extension 'colcon_meta'
[0.365s] Level 1:colcon.colcon_core.package_identification:_identify(/home/brian/ros2_overlay_ws/src/navigation2/src/map_server) by extensions ['ros']
[0.365s] Level 1:colcon.colcon_core.package_identification:_identify(/home/brian/ros2_overlay_ws/src/navigation2/src/map_server) by extension 'ros'
[0.366s] DEBUG:colcon.colcon_core.package_identification:Package '/home/brian/ros2_overlay_ws/src/navigation2/src/map_server' with type 'ros' and name 'map_server'
[0.367s] Level 1:colcon.colcon_core.package_identification:_identify(/home/brian/ros2_overlay_ws/src/navigation2/test) by extensions ['ignore', 'ignore_ament_install']
[0.367s] Level 1:colcon.colcon_core.package_identification:_identify(/home/brian/ros2_overlay_ws/src/navigation2/test) by extension 'ignore'
[0.367s] Level 1:colcon.colcon_core.package_identification:_identify(/home/brian/ros2_overlay_ws/src/navigation2/test) by extension 'ignore_ament_install'
[0.367s] Level 1:colcon.colcon_core.package_identification:_identify(/home/brian/ros2_overlay_ws/src/navigation2/test) by extensions ['colcon_pkg']
[0.367s] Level 1:colcon.colcon_core.package_identification:_identify(/home/brian/ros2_overlay_ws/src/navigation2/test) by extension 'colcon_pkg'
[0.367s] Level 1:colcon.colcon_core.package_identification:_identify(/home/brian/ros2_overlay_ws/src/navigation2/test) by extensions ['colcon_meta']
[0.367s] Level 1:colcon.colcon_core.package_identification:_identify(/home/brian/ros2_overlay_ws/src/navigation2/test) by extension 'colcon_meta'
[0.367s] Level 1:colcon.colcon_core.package_identification:_identify(/home/brian/ros2_overlay_ws/src/navigation2/test) by extensions ['ros']
[0.367s] Level 1:colcon.colcon_core.package_identification:_identify(/home/brian/ros2_overlay_ws/src/navigation2/test) by extension 'ros'
[0.368s] Level 1:colcon.colcon_core.package_identification:_identify(/home/brian/ros2_overlay_ws/src/navigation2/test) by extensions ['cmake', 'python']
[0.368s] Level 1:colcon.colcon_core.package_identification:_identify(/home/brian/ros2_overlay_ws/src/navigation2/test) by extension 'cmake'
[0.368s] Level 1:colcon.colcon_core.package_identification:_identify(/home/brian/ros2_overlay_ws/src/navigation2/test) by extension 'python'
[0.368s] Level 1:colcon.colcon_core.package_identification:_identify(/home/brian/ros2_overlay_ws/src/navigation2/test) by extensions ['python_setup_py']
[0.368s] Level 1:colcon.colcon_core.package_identification:_identify(/home/brian/ros2_overlay_ws/src/navigation2/test) by extension 'python_setup_py'
[0.368s] Level 1:colcon.colcon_core.package_discovery:discover_packages(recursive) using defaults
[0.371s] Level 5:colcon.colcon_core.verb:set package 'env_model_msgs' build argument 'cmake_args' from command line to 'None'
[0.371s] Level 5:colcon.colcon_core.verb:set package 'env_model_msgs' build argument 'cmake_target' from command line to 'None'
[0.371s] Level 5:colcon.colcon_core.verb:set package 'env_model_msgs' build argument 'cmake_target_skip_unavailable' from command line to 'False'
[0.371s] Level 5:colcon.colcon_core.verb:set package 'env_model_msgs' build argument 'cmake_clean_cache' from command line to 'False'
[0.371s] Level 5:colcon.colcon_core.verb:set package 'env_model_msgs' build argument 'cmake_clean_first' from command line to 'False'
[0.371s] Level 5:colcon.colcon_core.verb:set package 'env_model_msgs' build argument 'cmake_force_configure' from command line to 'False'
[0.371s] Level 5:colcon.colcon_core.verb:set package 'env_model_msgs' build argument 'ament_cmake_args' from command line to 'None'
[0.371s] Level 5:colcon.colcon_core.verb:set package 'env_model_msgs' build argument 'catkin_cmake_args' from command line to 'None'
[0.371s] DEBUG:colcon.colcon_core.verb:Building package 'env_model_msgs' with the following arguments: {'ament_cmake_args': None, 'build_base': '/home/brian/ros2_overlay_ws/src/navigation2/build/env_model_msgs', 'catkin_cmake_args': None, 'cmake_args': None, 'cmake_clean_cache': False, 'cmake_clean_first': False, 'cmake_force_configure': False, 'cmake_target': None, 'cmake_target_skip_unavailable': False, 'install_base': '/home/brian/ros2_overlay_ws/src/navigation2/install/env_model_msgs', 'path': '/home/brian/ros2_overlay_ws/src/navigation2/src/env_model_msgs', 'symlink_install': True, 'test_result_base': None}
[0.372s] Level 5:colcon.colcon_core.verb:set package 'map_server' build argument 'cmake_args' from command line to 'None'
[0.372s] Level 5:colcon.colcon_core.verb:set package 'map_server' build argument 'cmake_target' from command line to 'None'
[0.372s] Level 5:colcon.colcon_core.verb:set package 'map_server' build argument 'cmake_target_skip_unavailable' from command line to 'False'
[0.372s] Level 5:colcon.colcon_core.verb:set package 'map_server' build argument 'cmake_clean_cache' from command line to 'False'
[0.372s] Level 5:colcon.colcon_core.verb:set package 'map_server' build argument 'cmake_clean_first' from command line to 'False'
[0.372s] Level 5:colcon.colcon_core.verb:set package 'map_server' build argument 'cmake_force_configure' from command line to 'False'
[0.372s] Level 5:colcon.colcon_core.verb:set package 'map_server' build argument 'ament_cmake_args' from command line to 'None'
[0.372s] Level 5:colcon.colcon_core.verb:set package 'map_server' build argument 'catkin_cmake_args' from command line to 'None'
[0.372s] DEBUG:colcon.colcon_core.verb:Building package 'map_server' with the following arguments: {'ament_cmake_args': None, 'build_base': '/home/brian/ros2_overlay_ws/src/navigation2/build/map_server', 'catkin_cmake_args': None, 'cmake_args': None, 'cmake_clean_cache': False, 'cmake_clean_first': False, 'cmake_force_configure': False, 'cmake_target': None, 'cmake_target_skip_unavailable': False, 'install_base': '/home/brian/ros2_overlay_ws/src/navigation2/install/map_server', 'path': '/home/brian/ros2_overlay_ws/src/navigation2/src/map_server', 'symlink_install': True, 'test_result_base': None}
[0.373s] Level 5:colcon.colcon_core.verb:set package 'env_model' build argument 'cmake_args' from command line to 'None'
[0.373s] Level 5:colcon.colcon_core.verb:set package 'env_model' build argument 'cmake_target' from command line to 'None'
[0.373s] Level 5:colcon.colcon_core.verb:set package 'env_model' build argument 'cmake_target_skip_unavailable' from command line to 'False'
[0.373s] Level 5:colcon.colcon_core.verb:set package 'env_model' build argument 'cmake_clean_cache' from command line to 'False'
[0.373s] Level 5:colcon.colcon_core.verb:set package 'env_model' build argument 'cmake_clean_first' from command line to 'False'
[0.373s] Level 5:colcon.colcon_core.verb:set package 'env_model' build argument 'cmake_force_configure' from command line to 'False'
[0.373s] Level 5:colcon.colcon_core.verb:set package 'env_model' build argument 'ament_cmake_args' from command line to 'None'
[0.373s] Level 5:colcon.colcon_core.verb:set package 'env_model' build argument 'catkin_cmake_args' from command line to 'None'
[0.373s] DEBUG:colcon.colcon_core.verb:Building package 'env_model' with the following arguments: {'ament_cmake_args': None, 'build_base': '/home/brian/ros2_overlay_ws/src/navigation2/build/env_model', 'catkin_cmake_args': None, 'cmake_args': None, 'cmake_clean_cache': False, 'cmake_clean_first': False, 'cmake_force_configure': False, 'cmake_target': None, 'cmake_target_skip_unavailable': False, 'install_base': '/home/brian/ros2_overlay_ws/src/navigation2/install/env_model', 'path': '/home/brian/ros2_overlay_ws/src/navigation2/src/env_model', 'symlink_install': True, 'test_result_base': None}
[0.375s] INFO:colcon.colcon_core.executor:Executing jobs using 'parallel' executor
[0.375s] DEBUG:colcon.colcon_parallel_executor.executor.parallel:run_until_complete
[0.376s] INFO:colcon.colcon_ros.task.ros:Building ROS package in '/home/brian/ros2_overlay_ws/src/navigation2/src/env_model_msgs' with build type 'ament_cmake'
[0.376s] INFO:colcon.colcon_cmake.task.cmake.build:Building CMake package in '/home/brian/ros2_overlay_ws/src/navigation2/src/env_model_msgs'
[0.381s] INFO:colcon.colcon_core.plugin_system:Skipping extension 'colcon_core.shell.bat': Not used on non-Windows systems
[0.381s] INFO:colcon.colcon_core.shell:Skip shell extension 'powershell' for command environment: Not usable outside of PowerShell
[0.384s] INFO:colcon.colcon_ros.task.ros:Building ROS package in '/home/brian/ros2_overlay_ws/src/navigation2/src/map_server' with build type 'ament_cmake'
[0.384s] INFO:colcon.colcon_cmake.task.cmake.build:Building CMake package in '/home/brian/ros2_overlay_ws/src/navigation2/src/map_server'
[0.385s] INFO:colcon.colcon_core.shell:Skip shell extension 'powershell' for command environment: Not usable outside of PowerShell
[0.398s] DEBUG:colcon.colcon_core.event_handler.log_command:Invoking command in '/home/brian/ros2_overlay_ws/src/navigation2/build/env_model_msgs': /usr/bin/cmake /home/brian/ros2_overlay_ws/src/navigation2/src/env_model_msgs -DAMENT_CMAKE_SYMLINK_INSTALL=1 -DCMAKE_INSTALL_PREFIX=/home/brian/ros2_overlay_ws/src/navigation2/install/env_model_msgs
[0.400s] DEBUG:colcon.colcon_core.event_handler.log_command:Invoking command in '/home/brian/ros2_overlay_ws/src/navigation2/build/map_server': /usr/bin/cmake /home/brian/ros2_overlay_ws/src/navigation2/src/map_server -DAMENT_CMAKE_SYMLINK_INSTALL=1 -DCMAKE_INSTALL_PREFIX=/home/brian/ros2_overlay_ws/src/navigation2/install/map_server
[1.719s] DEBUG:colcon.colcon_core.event_handler.log_command:Invoked command in '/home/brian/ros2_overlay_ws/src/navigation2/build/map_server' returned '1': /usr/bin/cmake /home/brian/ros2_overlay_ws/src/navigation2/src/map_server -DAMENT_CMAKE_SYMLINK_INSTALL=1 -DCMAKE_INSTALL_PREFIX=/home/brian/ros2_overlay_ws/src/navigation2/install/map_server
[1.729s] DEBUG:colcon.colcon_parallel_executor.executor.parallel:closing loop
[1.729s] DEBUG:colcon.colcon_parallel_executor.executor.parallel:loop closed
[1.729s] DEBUG:colcon.colcon_parallel_executor.executor.parallel:run_until_complete finished with '1'
[1.729s] DEBUG:colcon.colcon_core.event_reactor:joining thread
[1.744s] INFO:colcon.colcon_core.plugin_system:Skipping extension 'colcon_notification.desktop_notification.win32': Not used on non-Windows systems
[1.764s] INFO:colcon.colcon_core.plugin_system:Skipping extension 'colcon_notification.desktop_notification.terminal_notifier': Not used on non-Darwin systems
[1.764s] INFO:colcon.colcon_notification.desktop_notification:Sending desktop notification using 'notify2'
[1.854s] DEBUG:colcon.colcon_core.event_reactor:joined thread
[1.855s] INFO:colcon.colcon_core.shell:Creating prefix script '/home/brian/ros2_overlay_ws/src/navigation2/install/local_setup.ps1'
[1.857s] INFO:colcon.colcon_core.shell:Creating prefix chain script '/home/brian/ros2_overlay_ws/src/navigation2/install/setup.ps1'
[1.859s] INFO:colcon.colcon_core.shell:Creating prefix script '/home/brian/ros2_overlay_ws/src/navigation2/install/local_setup.sh'
[1.861s] INFO:colcon.colcon_core.shell:Creating prefix chain script '/home/brian/ros2_overlay_ws/src/navigation2/install/setup.sh'
[1.863s] INFO:colcon.colcon_core.shell:Creating prefix script '/home/brian/ros2_overlay_ws/src/navigation2/install/local_setup.bash'
[1.864s] INFO:colcon.colcon_core.shell:Creating prefix chain script '/home/brian/ros2_overlay_ws/src/navigation2/install/setup.bash'
[1.866s] INFO:colcon.colcon_core.shell:Creating prefix script '/home/brian/ros2_overlay_ws/src/navigation2/install/local_setup.zsh'
[1.867s] INFO:colcon.colcon_core.shell:Creating prefix chain script '/home/brian/ros2_overlay_ws/src/navigation2/install/setup.zsh'
